<?xml version="1.0" encoding="UTF-8"?>
<!-- Generated by org.testng.reporters.JUnitReportReporter -->
<testsuite hostname="DESKTOP-1Q7D8OU" failures="0" tests="7" name="testClassPkg.TestLoginPage" time="130.483" errors="0" timestamp="2022-03-30T17:52:49 IST" skipped="0">
  <testcase classname="testClassPkg.TestLoginPage" name="loginPage" time="9.428"/>
  <system-out/>
  <testcase classname="testClassPkg.TestLoginPage" name="loginPage" time="9.718"/>
  <system-out/>
  <testcase classname="testClassPkg.TestLoginPage" name="invalidLoginPage" time="7.884"/>
  <system-out/>
  <testcase classname="testClassPkg.TestLoginPage" name="invalidLoginPage" time="40.364"/>
  <system-out/>
  <testcase classname="testClassPkg.TestLoginPage" name="loginPage" time="11.024"/>
  <system-out/>
  <testcase classname="testClassPkg.TestLoginPage" name="loginPage" time="14.407"/>
  <system-out/>
  <testcase classname="testClassPkg.TestLoginPage" name="invalidLoginPage" time="37.658"/>
  <system-out/>
</testsuite> <!-- testClassPkg.TestLoginPage -->
