<?xml version="1.0" encoding="UTF-8"?>
<!-- Generated by org.testng.reporters.JUnitReportReporter -->
<testsuite hostname="DESKTOP-1Q7D8OU" failures="0" tests="3" name="testClassPkg.TestMyInfoModule" time="32.612" errors="0" timestamp="2022-04-01T15:58:01 IST" skipped="0">
  <testcase classname="testClassPkg.TestMyInfoModule" name="DependentForm" time="17.260"/>
  <system-out/>
  <testcase classname="testClassPkg.TestMyInfoModule" name="loginToApplication" time="5.578"/>
  <system-out/>
  <testcase classname="testClassPkg.TestMyInfoModule" name="DependentForm" time="9.774"/>
  <system-out/>
</testsuite> <!-- testClassPkg.TestMyInfoModule -->
